<?xml version="1.0" encoding="UTF-8"?>
<!-- Generated by org.testng.reporters.JUnitXMLReporter -->
<testsuite hostname="DESKTOP-L97NT7B" ignored="0" name="Command line test" tests="4" failures="1" timestamp="2021-12-17T23:49:04 ICT" time="10.367" errors="0">
  <testcase name="loginWithCorrectCreds" time="9.306" classname="test.authentication.LoginTest"/>
  <testcase name="loginWithIncorrectCreds" time="1.025" classname="test.authentication.LoginTest">
    <failure type="java.lang.AssertionError" message="expected [Powered by Elemental Selenium.] but found [Powered by Elemental Selenium]">
      <![CDATA[java.lang.AssertionError: expected [Powered by Elemental Selenium.] but found [Powered by Elemental Selenium]
at test.authentication.LoginTest.loginWithIncorrectCreds(LoginTest.java:88)
at java.util.ArrayList.forEach(ArrayList.java:1259)
... Removed 43 stack frames]]>
    </failure>
  </testcase> <!-- loginWithIncorrectCreds -->
  <testcase name="signUpM01" time="0.0" classname="test.authentication.SignUpTest"/>
  <testcase name="signUpM02" time="0.0" classname="test.authentication.SignUpTest"/>
</testsuite> <!-- Command line test -->
